<?xml version="1.0" encoding="UTF-8"?>
<testsuite name="Job Search Test"
           tests="4"
           failures="0"
           errors="0"
           skipped="0"
           time="131.329">
  <properties />
  
  
            <testcase name="verifyJobSearchResultUsingDifferentDataSet" time="33.166" classname="uk.co.library.testsuite.JobSearchTest" />
                <testcase name="verifyJobSearchResultUsingDifferentDataSet" time="34.485" classname="uk.co.library.testsuite.JobSearchTest" />
                <testcase name="verifyJobSearchResultUsingDifferentDataSet" time="32.135" classname="uk.co.library.testsuite.JobSearchTest" />
                <testcase name="verifyJobSearchResultUsingDifferentDataSet" time="31.543" classname="uk.co.library.testsuite.JobSearchTest" />
      
</testsuite>
